<?xml version="1.0" encoding="utf-8"?><testsuites><testsuite errors="0" failures="0" hostname="kali" name="pytest" skipped="0" tests="4" time="3.417" timestamp="2020-11-23T11:35:03.942962"><testcase classname="tests.test_app.TextService" file="tests/test_app.py" line="15" name="test_POSTGRES_status_400" time="0.005"></testcase><testcase classname="tests.test_app.TextService" file="tests/test_app.py" line="9" name="test_get_status_200" time="0.016"></testcase><testcase classname="tests.test_app.TextService" file="tests/test_app.py" line="21" name="test_get_voter_id_cookie" time="2.042"></testcase><testcase classname="tests.test_app.TextService" file="tests/test_app.py" line="30" name="test_set_new_cookie" time="0.980"></testcase></testsuite></testsuites>