<?xml version="1.0" encoding="utf-8"?><testsuites><testsuite errors="0" failures="0" hostname="kali" name="pytest" skipped="0" tests="4" time="4.380" timestamp="2020-11-23T12:57:23.323567"><testcase classname="tests.test_app.TextService" file="tests/test_app.py" line="15" name="test_POSTGRES_status_400" time="0.005"></testcase><testcase classname="tests.test_app.TextService" file="tests/test_app.py" line="9" name="test_get_status_200" time="0.013"></testcase><testcase classname="tests.test_app.TextService" file="tests/test_app.py" line="21" name="test_get_voter_id_cookie" time="3.019"></testcase><testcase classname="tests.test_app.TextService" file="tests/test_app.py" line="30" name="test_set_new_cookie" time="1.049"></testcase></testsuite></testsuites>